#
# There is insufficient memory for the Java Runtime Environment to continue.
# Native memory allocation (malloc) failed to allocate 669856 bytes. Error detail: Chunk::new
# Possible reasons:
#   The system is out of physical RAM or swap space
#   This process is running with CompressedOops enabled, and the Java Heap may be blocking the growth of the native heap
# Possible solutions:
#   Reduce memory load on the system
#   Increase physical memory or swap space
#   Check if swap backing store is full
#   Decrease Java heap size (-Xmx/-Xms)
#   Decrease number of Java threads
#   Decrease Java thread stack sizes (-Xss)
#   Set larger code cache with -XX:ReservedCodeCacheSize=
#   JVM is running with Unscaled Compressed Oops mode in which the Java heap is
#     placed in the first 4GB address space. The Java Heap base address is the
#     maximum limit for the native heap growth. Please use -XX:HeapBaseMinAddress
#     to set the Java Heap base and to place the Java Heap above 4GB virtual address.
# This output file may be truncated or incomplete.
#
#  Out of Memory Error (arena.cpp:168), pid=380, tid=17364
#
# JRE version: OpenJDK Runtime Environment Temurin-21.0.6+7 (21.0.6+7) (build 21.0.6+7-LTS)
# Java VM: OpenJDK 64-Bit Server VM Temurin-21.0.6+7 (21.0.6+7-LTS, mixed mode, sharing, tiered, compressed oops, compressed class ptrs, parallel gc, windows-amd64)
# No core dump will be written. Minidumps are not enabled by default on client versions of Windows
#

---------------  S U M M A R Y ------------

Command Line: --add-modules=ALL-SYSTEM --add-opens=java.base/java.util=ALL-UNNAMED --add-opens=java.base/java.lang=ALL-UNNAMED --add-opens=java.base/sun.nio.fs=ALL-UNNAMED -Declipse.application=org.eclipse.jdt.ls.core.id1 -Dosgi.bundles.defaultStartLevel=4 -Declipse.product=org.eclipse.jdt.ls.core.product -Djava.import.generatesMetadataFilesAtProjectRoot=false -DDetectVMInstallationsJob.disabled=true -Dfile.encoding=utf8 -XX:+UseParallelGC -XX:GCTimeRatio=4 -XX:AdaptiveSizePolicyWeight=90 -Dsun.zip.disableMemoryMapping=true -Xmx1G -Xms100m -Xlog:disable -javaagent:c:\Users\NICOLLE\.vscode\extensions\redhat.java-1.40.0-win32-x64\lombok\lombok-1.18.36.jar c:\Users\NICOLLE\.vscode\extensions\redhat.java-1.40.0-win32-x64\server\plugins\org.eclipse.equinox.launcher_1.6.1000.v20250131-0606.jar -configuration c:\Users\NICOLLE\AppData\Roaming\Code\User\globalStorage\redhat.java\1.40.0\config_ss_win -data c:\Users\NICOLLE\AppData\Roaming\Code\User\workspaceStorage\5acc35012647f89035c592c622bfbcc8\redhat.java\ss_ws --pipe=\\.\pipe\lsp-258d41b6a8d0158f46ff80206d826368-sock

Host: AMD Ryzen 5 5500U with Radeon Graphics         , 12 cores, 3G,  Windows 11 , 64 bit Build 22621 (10.0.22621.4830)
Time: Fri Mar  7 23:34:16 2025 Hora est. Pacífico, Sudamérica elapsed time: 5.170269 seconds (0d 0h 0m 5s)

---------------  T H R E A D  ---------------

Current thread (0x0000020482bcdf10):  JavaThread "C2 CompilerThread0" daemon [_thread_in_native, id=17364, stack(0x000000f9b8c00000,0x000000f9b8d00000) (1024K)]


Current CompileTask:
C2:5171 2513       4       org.lombokweb.asm.ClassReader::readMethod (1070 bytes)

Stack: [0x000000f9b8c00000,0x000000f9b8d00000]
Native frames: (J=compiled Java code, j=interpreted, Vv=VM code, C=native code)
V  [jvm.dll+0x6cdee9]
V  [jvm.dll+0x8a83d1]
V  [jvm.dll+0x8aa8fe]
V  [jvm.dll+0x8aafe3]
V  [jvm.dll+0x27f706]
V  [jvm.dll+0xc500d]
V  [jvm.dll+0xc5543]
V  [jvm.dll+0x2f2acd]
V  [jvm.dll+0x5f6a2a]
V  [jvm.dll+0x250bb2]
V  [jvm.dll+0x249526]
V  [jvm.dll+0x246ec4]
V  [jvm.dll+0x1c75ee]
V  [jvm.dll+0x25685a]
V  [jvm.dll+0x254dfa]
V  [jvm.dll+0x3f0256]
V  [jvm.dll+0x851f8b]
V  [jvm.dll+0x6cc5ed]
C  [ucrtbase.dll+0x29333]
C  [KERNEL32.DLL+0x1259d]
C  [ntdll.dll+0x5af38]


---------------  P R O C E S S  ---------------

Threads class SMR info:
_java_thread_list=0x0000020482ef5840, length=19, elements={
0x000002042b723690, 0x0000020482bb44b0, 0x000002043fb0c0c0, 0x0000020482bb6190,
0x0000020482bb6fa0, 0x0000020482bb95c0, 0x0000020482bbef70, 0x0000020482bcdf10,
0x0000020482bcea50, 0x0000020482bbfc90, 0x0000020482bbc810, 0x0000020482bbcea0,
0x0000020482bbf600, 0x0000020482bbd530, 0x0000020482bbdbc0, 0x0000020482bbe250,
0x0000020482bbe8e0, 0x0000020487bd75f0, 0x0000020487bdaa70
}

Java Threads: ( => current thread )
  0x000002042b723690 JavaThread "main"                              [_thread_blocked, id=17904, stack(0x000000f9b8200000,0x000000f9b8300000) (1024K)]
  0x0000020482bb44b0 JavaThread "Reference Handler"          daemon [_thread_blocked, id=4208, stack(0x000000f9b8600000,0x000000f9b8700000) (1024K)]
  0x000002043fb0c0c0 JavaThread "Finalizer"                  daemon [_thread_blocked, id=15780, stack(0x000000f9b8700000,0x000000f9b8800000) (1024K)]
  0x0000020482bb6190 JavaThread "Signal Dispatcher"          daemon [_thread_blocked, id=4580, stack(0x000000f9b8800000,0x000000f9b8900000) (1024K)]
  0x0000020482bb6fa0 JavaThread "Attach Listener"            daemon [_thread_blocked, id=13488, stack(0x000000f9b8900000,0x000000f9b8a00000) (1024K)]
  0x0000020482bb95c0 JavaThread "Service Thread"             daemon [_thread_blocked, id=18524, stack(0x000000f9b8a00000,0x000000f9b8b00000) (1024K)]
  0x0000020482bbef70 JavaThread "Monitor Deflation Thread"   daemon [_thread_blocked, id=4292, stack(0x000000f9b8b00000,0x000000f9b8c00000) (1024K)]
=>0x0000020482bcdf10 JavaThread "C2 CompilerThread0"         daemon [_thread_in_native, id=17364, stack(0x000000f9b8c00000,0x000000f9b8d00000) (1024K)]
  0x0000020482bcea50 JavaThread "C1 CompilerThread0"         daemon [_thread_blocked, id=12476, stack(0x000000f9b8d00000,0x000000f9b8e00000) (1024K)]
  0x0000020482bbfc90 JavaThread "Common-Cleaner"             daemon [_thread_blocked, id=10996, stack(0x000000f9b8e00000,0x000000f9b8f00000) (1024K)]
  0x0000020482bbc810 JavaThread "Notification Thread"        daemon [_thread_blocked, id=16984, stack(0x000000f9b8f00000,0x000000f9b9000000) (1024K)]
  0x0000020482bbcea0 JavaThread "Active Thread: Equinox Container: f30d461a-248a-45ad-a749-3e7524a9c7a8"        [_thread_blocked, id=14292, stack(0x000000f9b9600000,0x000000f9b9700000) (1024K)]
  0x0000020482bbf600 JavaThread "Framework Event Dispatcher: Equinox Container: f30d461a-248a-45ad-a749-3e7524a9c7a8" daemon [_thread_blocked, id=4056, stack(0x000000f9b9700000,0x000000f9b9800000) (1024K)]
  0x0000020482bbd530 JavaThread "Start Level: Equinox Container: f30d461a-248a-45ad-a749-3e7524a9c7a8" daemon [_thread_in_native, id=18084, stack(0x000000f9b9800000,0x000000f9b9900000) (1024K)]
  0x0000020482bbdbc0 JavaThread "SCR Component Actor"        daemon [_thread_blocked, id=7208, stack(0x000000f9b9900000,0x000000f9b9a00000) (1024K)]
  0x0000020482bbe250 JavaThread "SCR Component Registry"     daemon [_thread_blocked, id=6204, stack(0x000000f9b9b00000,0x000000f9b9c00000) (1024K)]
  0x0000020482bbe8e0 JavaThread "Worker-JM"                         [_thread_blocked, id=14692, stack(0x000000f9b9c00000,0x000000f9b9d00000) (1024K)]
  0x0000020487bd75f0 JavaThread "Worker-0"                          [_thread_blocked, id=5972, stack(0x000000f9b9f00000,0x000000f9ba000000) (1024K)]
  0x0000020487bdaa70 JavaThread "Worker-1"                          [_thread_blocked, id=7468, stack(0x000000f9ba000000,0x000000f9ba100000) (1024K)]
Total: 19

Other Threads:
  0x000002043faf5970 VMThread "VM Thread"                           [id=11156, stack(0x000000f9b8500000,0x000000f9b8600000) (1024K)]
  0x000002043f9eca00 WatcherThread "VM Periodic Task Thread"        [id=8288, stack(0x000000f9b8400000,0x000000f9b8500000) (1024K)]
  0x000002042b7433e0 WorkerThread "GC Thread#0"                     [id=13788, stack(0x000000f9b8300000,0x000000f9b8400000) (1024K)]
  0x00000204870536d0 WorkerThread "GC Thread#1"                     [id=5908, stack(0x000000f9b9000000,0x000000f9b9100000) (1024K)]
  0x000002048765d840 WorkerThread "GC Thread#2"                     [id=16796, stack(0x000000f9b9100000,0x000000f9b9200000) (1024K)]
  0x000002048765dbe0 WorkerThread "GC Thread#3"                     [id=17308, stack(0x000000f9b9200000,0x000000f9b9300000) (1024K)]
  0x000002048714b120 WorkerThread "GC Thread#4"                     [id=16788, stack(0x000000f9b9300000,0x000000f9b9400000) (1024K)]
  0x0000020487191680 WorkerThread "GC Thread#5"                     [id=19300, stack(0x000000f9b9400000,0x000000f9b9500000) (1024K)]
  0x0000020487194240 WorkerThread "GC Thread#6"                     [id=12052, stack(0x000000f9b9500000,0x000000f9b9600000) (1024K)]
  0x00000204871c9d00 WorkerThread "GC Thread#7"                     [id=17992, stack(0x000000f9b9a00000,0x000000f9b9b00000) (1024K)]
  0x00000204871c8e80 WorkerThread "GC Thread#8"                     [id=17116, stack(0x000000f9b9d00000,0x000000f9b9e00000) (1024K)]
  0x00000204871ca440 WorkerThread "GC Thread#9"                     [id=18468, stack(0x000000f9b9e00000,0x000000f9b9f00000) (1024K)]
Total: 12

Threads with active compile tasks:
C2 CompilerThread0  5300 2513       4       org.lombokweb.asm.ClassReader::readMethod (1070 bytes)
Total: 1

VM state: not at safepoint (normal execution)

VM Mutex/Monitor currently owned by a thread: None

Heap address: 0x00000000c0000000, size: 1024 MB, Compressed Oops mode: 32-bit

CDS archive(s) mapped at: [0x0000020440000000-0x0000020440ba0000-0x0000020440ba0000), size 12189696, SharedBaseAddress: 0x0000020440000000, ArchiveRelocationMode: 1.
Compressed class space mapped at: 0x0000020441000000-0x0000020481000000, reserved size: 1073741824
Narrow klass base: 0x0000020440000000, Narrow klass shift: 0, Narrow klass range: 0x100000000

GC Precious Log:
 CardTable entry size: 512
 CPUs: 12 total, 12 available
 Memory: 3434M
 Large Page Support: Disabled
 NUMA Support: Disabled
 Compressed Oops: Enabled (32-bit)
 Alignments: Space 512K, Generation 512K, Heap 2M
 Heap Min Capacity: 100M
 Heap Initial Capacity: 100M
 Heap Max Capacity: 1G
 Pre-touch: Disabled
 Parallel Workers: 10

Heap:
 PSYoungGen      total 29696K, used 17845K [0x00000000eab00000, 0x00000000ecc00000, 0x0000000100000000)
  eden space 25600K, 53% used [0x00000000eab00000,0x00000000eb874e18,0x00000000ec400000)
  from space 4096K, 99% used [0x00000000ec400000,0x00000000ec7f88f8,0x00000000ec800000)
  to   space 4096K, 0% used [0x00000000ec800000,0x00000000ec800000,0x00000000ecc00000)
 ParOldGen       total 68608K, used 7079K [0x00000000c0000000, 0x00000000c4300000, 0x00000000eab00000)
  object space 68608K, 10% used [0x00000000c0000000,0x00000000c06e9f50,0x00000000c4300000)
 Metaspace       used 20233K, committed 20800K, reserved 1114112K
  class space    used 1865K, committed 2112K, reserved 1048576K

Card table byte_map: [0x000002042b0f0000,0x000002042b300000] _byte_map_base: 0x000002042aaf0000

Marking Bits: (ParMarkBitMap*) 0x00007ffcaab53260
 Begin Bits: [0x000002043d910000, 0x000002043e910000)
 End Bits:   [0x000002043e910000, 0x000002043f910000)

Polling page: 0x000002042aee0000

Metaspace:

Usage:
  Non-class:     17.94 MB used.
      Class:      1.82 MB used.
       Both:     19.76 MB used.

Virtual space:
  Non-class space:       64.00 MB reserved,      18.25 MB ( 29%) committed,  1 nodes.
      Class space:        1.00 GB reserved,       2.06 MB ( <1%) committed,  1 nodes.
             Both:        1.06 GB reserved,      20.31 MB (  2%) committed. 

Chunk freelists:
   Non-Class:  13.70 MB
       Class:  13.91 MB
        Both:  27.61 MB

MaxMetaspaceSize: unlimited
CompressedClassSpaceSize: 1.00 GB
Initial GC threshold: 21.00 MB
Current GC threshold: 21.00 MB
CDS: on
 - commit_granule_bytes: 65536.
 - commit_granule_words: 8192.
 - virtual_space_node_default_size: 8388608.
 - enlarge_chunks_in_place: 1.
 - use_allocation_guard: 0.


Internal statistics:

num_allocs_failed_limit: 0.
num_arena_births: 446.
num_arena_deaths: 0.
num_vsnodes_births: 2.
num_vsnodes_deaths: 0.
num_space_committed: 325.
num_space_uncommitted: 0.
num_chunks_returned_to_freelist: 0.
num_chunks_taken_from_freelist: 1188.
num_chunk_merges: 0.
num_chunk_splits: 801.
num_chunks_enlarged: 517.
num_inconsistent_stats: 0.

CodeHeap 'non-profiled nmethods': size=120000Kb used=1004Kb max_used=1004Kb free=118995Kb
 bounds [0x00000204363e0000, 0x0000020436650000, 0x000002043d910000]
CodeHeap 'profiled nmethods': size=120000Kb used=5054Kb max_used=5054Kb free=114945Kb
 bounds [0x000002042e910000, 0x000002042ee00000, 0x0000020435e40000]
CodeHeap 'non-nmethods': size=5760Kb used=1299Kb max_used=1313Kb free=4460Kb
 bounds [0x0000020435e40000, 0x00000204360b0000, 0x00000204363e0000]
 total_blobs=3140 nmethods=2564 adapters=482
 compilation: enabled
              stopped_count=0, restarted_count=0
 full_count=0

Compilation events (20 events):
Event: 5.165 Thread 0x0000020482bcea50 nmethod 2523 0x000002042edd5190 code [0x000002042edd5380, 0x000002042edd5790]
Event: 5.165 Thread 0x0000020482bcea50 2519       3       org.eclipse.core.internal.preferences.EclipsePreferences::parent (9 bytes)
Event: 5.165 Thread 0x0000020482bcea50 nmethod 2519 0x000002042edd5910 code [0x000002042edd5ae0, 0x000002042edd5ec0]
Event: 5.165 Thread 0x0000020482bcea50 2518       3       org.eclipse.core.internal.preferences.EclipsePreferences::node (8 bytes)
Event: 5.165 Thread 0x0000020482bcea50 nmethod 2518 0x000002042edd6090 code [0x000002042edd6240, 0x000002042edd6418]
Event: 5.165 Thread 0x0000020482bcea50 2521       3       java.util.EventObject::<init> (24 bytes)
Event: 5.166 Thread 0x0000020482bcea50 nmethod 2521 0x000002042edd6510 code [0x000002042edd66c0, 0x000002042edd6940]
Event: 5.166 Thread 0x0000020482bcea50 2529       3       org.eclipse.core.internal.preferences.ImmutableMap$ArrayMap::put (138 bytes)
Event: 5.166 Thread 0x0000020482bcea50 nmethod 2529 0x000002042edd6a90 code [0x000002042edd6cc0, 0x000002042edd72c8]
Event: 5.166 Thread 0x0000020482bcea50 2530       3       org.eclipse.core.internal.preferences.EclipsePreferences::makeDirty (30 bytes)
Event: 5.166 Thread 0x0000020482bcea50 nmethod 2530 0x000002042edd7610 code [0x000002042edd7800, 0x000002042edd7db8]
Event: 5.166 Thread 0x0000020482bcea50 2524       3       org.eclipse.core.runtime.ListenerList$ListenerListIterator::hasNext (16 bytes)
Event: 5.166 Thread 0x0000020482bcea50 nmethod 2524 0x000002042edd8010 code [0x000002042edd81c0, 0x000002042edd8340]
Event: 5.166 Thread 0x0000020482bcea50 2525       3       org.eclipse.core.runtime.ListenerList::iterator (12 bytes)
Event: 5.166 Thread 0x0000020482bcea50 nmethod 2525 0x000002042edd8410 code [0x000002042edd85c0, 0x000002042edd8808]
Event: 5.166 Thread 0x0000020482bcea50 2526       3       org.eclipse.core.runtime.ListenerList$ListenerListIterator::<init> (10 bytes)
Event: 5.166 Thread 0x0000020482bcea50 nmethod 2526 0x000002042edd8910 code [0x000002042edd8ac0, 0x000002042edd8c48]
Event: 5.166 Thread 0x0000020482bcea50 2527       3       org.eclipse.core.internal.preferences.EclipsePreferences::put (43 bytes)
Event: 5.167 Thread 0x0000020482bcea50 nmethod 2527 0x000002042edd8d10 code [0x000002042edd8f60, 0x000002042edd99a0]
Event: 5.167 Thread 0x0000020482bcea50 2528   !   3       org.eclipse.core.internal.preferences.EclipsePreferences::internalPut (87 bytes)

GC Heap History (10 events):
Event: 1.500 GC heap before
{Heap before GC invocations=1 (full 0):
 PSYoungGen      total 29696K, used 25600K [0x00000000eab00000, 0x00000000ecc00000, 0x0000000100000000)
  eden space 25600K, 100% used [0x00000000eab00000,0x00000000ec400000,0x00000000ec400000)
  from space 4096K, 0% used [0x00000000ec800000,0x00000000ec800000,0x00000000ecc00000)
  to   space 4096K, 0% used [0x00000000ec400000,0x00000000ec400000,0x00000000ec800000)
 ParOldGen       total 68608K, used 0K [0x00000000c0000000, 0x00000000c4300000, 0x00000000eab00000)
  object space 68608K, 0% used [0x00000000c0000000,0x00000000c0000000,0x00000000c4300000)
 Metaspace       used 4333K, committed 4544K, reserved 1114112K
  class space    used 436K, committed 512K, reserved 1048576K
}
Event: 1.513 GC heap after
{Heap after GC invocations=1 (full 0):
 PSYoungGen      total 29696K, used 3173K [0x00000000eab00000, 0x00000000ecc00000, 0x0000000100000000)
  eden space 25600K, 0% used [0x00000000eab00000,0x00000000eab00000,0x00000000ec400000)
  from space 4096K, 77% used [0x00000000ec400000,0x00000000ec7197f0,0x00000000ec800000)
  to   space 4096K, 0% used [0x00000000ec800000,0x00000000ec800000,0x00000000ecc00000)
 ParOldGen       total 68608K, used 16K [0x00000000c0000000, 0x00000000c4300000, 0x00000000eab00000)
  object space 68608K, 0% used [0x00000000c0000000,0x00000000c0004000,0x00000000c4300000)
 Metaspace       used 4333K, committed 4544K, reserved 1114112K
  class space    used 436K, committed 512K, reserved 1048576K
}
Event: 2.678 GC heap before
{Heap before GC invocations=2 (full 0):
 PSYoungGen      total 29696K, used 28773K [0x00000000eab00000, 0x00000000ecc00000, 0x0000000100000000)
  eden space 25600K, 100% used [0x00000000eab00000,0x00000000ec400000,0x00000000ec400000)
  from space 4096K, 77% used [0x00000000ec400000,0x00000000ec7197f0,0x00000000ec800000)
  to   space 4096K, 0% used [0x00000000ec800000,0x00000000ec800000,0x00000000ecc00000)
 ParOldGen       total 68608K, used 16K [0x00000000c0000000, 0x00000000c4300000, 0x00000000eab00000)
  object space 68608K, 0% used [0x00000000c0000000,0x00000000c0004000,0x00000000c4300000)
 Metaspace       used 8132K, committed 8448K, reserved 1114112K
  class space    used 803K, committed 960K, reserved 1048576K
}
Event: 2.686 GC heap after
{Heap after GC invocations=2 (full 0):
 PSYoungGen      total 29696K, used 4091K [0x00000000eab00000, 0x00000000ecc00000, 0x0000000100000000)
  eden space 25600K, 0% used [0x00000000eab00000,0x00000000eab00000,0x00000000ec400000)
  from space 4096K, 99% used [0x00000000ec800000,0x00000000ecbfefd0,0x00000000ecc00000)
  to   space 4096K, 0% used [0x00000000ec400000,0x00000000ec400000,0x00000000ec800000)
 ParOldGen       total 68608K, used 820K [0x00000000c0000000, 0x00000000c4300000, 0x00000000eab00000)
  object space 68608K, 1% used [0x00000000c0000000,0x00000000c00cd030,0x00000000c4300000)
 Metaspace       used 8132K, committed 8448K, reserved 1114112K
  class space    used 803K, committed 960K, reserved 1048576K
}
Event: 4.050 GC heap before
{Heap before GC invocations=3 (full 0):
 PSYoungGen      total 29696K, used 29691K [0x00000000eab00000, 0x00000000ecc00000, 0x0000000100000000)
  eden space 25600K, 100% used [0x00000000eab00000,0x00000000ec400000,0x00000000ec400000)
  from space 4096K, 99% used [0x00000000ec800000,0x00000000ecbfefd0,0x00000000ecc00000)
  to   space 4096K, 0% used [0x00000000ec400000,0x00000000ec400000,0x00000000ec800000)
 ParOldGen       total 68608K, used 820K [0x00000000c0000000, 0x00000000c4300000, 0x00000000eab00000)
  object space 68608K, 1% used [0x00000000c0000000,0x00000000c00cd030,0x00000000c4300000)
 Metaspace       used 12920K, committed 13440K, reserved 1114112K
  class space    used 1296K, committed 1536K, reserved 1048576K
}
Event: 4.059 GC heap after
{Heap after GC invocations=3 (full 0):
 PSYoungGen      total 29696K, used 4077K [0x00000000eab00000, 0x00000000ecc00000, 0x0000000100000000)
  eden space 25600K, 0% used [0x00000000eab00000,0x00000000eab00000,0x00000000ec400000)
  from space 4096K, 99% used [0x00000000ec400000,0x00000000ec7fb618,0x00000000ec800000)
  to   space 4096K, 0% used [0x00000000ec800000,0x00000000ec800000,0x00000000ecc00000)
 ParOldGen       total 68608K, used 2747K [0x00000000c0000000, 0x00000000c4300000, 0x00000000eab00000)
  object space 68608K, 4% used [0x00000000c0000000,0x00000000c02aee30,0x00000000c4300000)
 Metaspace       used 12920K, committed 13440K, reserved 1114112K
  class space    used 1296K, committed 1536K, reserved 1048576K
}
Event: 4.694 GC heap before
{Heap before GC invocations=4 (full 0):
 PSYoungGen      total 29696K, used 29677K [0x00000000eab00000, 0x00000000ecc00000, 0x0000000100000000)
  eden space 25600K, 100% used [0x00000000eab00000,0x00000000ec400000,0x00000000ec400000)
  from space 4096K, 99% used [0x00000000ec400000,0x00000000ec7fb618,0x00000000ec800000)
  to   space 4096K, 0% used [0x00000000ec800000,0x00000000ec800000,0x00000000ecc00000)
 ParOldGen       total 68608K, used 2747K [0x00000000c0000000, 0x00000000c4300000, 0x00000000eab00000)
  object space 68608K, 4% used [0x00000000c0000000,0x00000000c02aee30,0x00000000c4300000)
 Metaspace       used 15533K, committed 16128K, reserved 1114112K
  class space    used 1541K, committed 1792K, reserved 1048576K
}
Event: 4.700 GC heap after
{Heap after GC invocations=4 (full 0):
 PSYoungGen      total 29696K, used 4073K [0x00000000eab00000, 0x00000000ecc00000, 0x0000000100000000)
  eden space 25600K, 0% used [0x00000000eab00000,0x00000000eab00000,0x00000000ec400000)
  from space 4096K, 99% used [0x00000000ec800000,0x00000000ecbfa588,0x00000000ecc00000)
  to   space 4096K, 0% used [0x00000000ec400000,0x00000000ec400000,0x00000000ec800000)
 ParOldGen       total 68608K, used 5053K [0x00000000c0000000, 0x00000000c4300000, 0x00000000eab00000)
  object space 68608K, 7% used [0x00000000c0000000,0x00000000c04ef4a0,0x00000000c4300000)
 Metaspace       used 15533K, committed 16128K, reserved 1114112K
  class space    used 1541K, committed 1792K, reserved 1048576K
}
Event: 5.157 GC heap before
{Heap before GC invocations=5 (full 0):
 PSYoungGen      total 29696K, used 29673K [0x00000000eab00000, 0x00000000ecc00000, 0x0000000100000000)
  eden space 25600K, 100% used [0x00000000eab00000,0x00000000ec400000,0x00000000ec400000)
  from space 4096K, 99% used [0x00000000ec800000,0x00000000ecbfa588,0x00000000ecc00000)
  to   space 4096K, 0% used [0x00000000ec400000,0x00000000ec400000,0x00000000ec800000)
 ParOldGen       total 68608K, used 5053K [0x00000000c0000000, 0x00000000c4300000, 0x00000000eab00000)
  object space 68608K, 7% used [0x00000000c0000000,0x00000000c04ef4a0,0x00000000c4300000)
 Metaspace       used 19889K, committed 20480K, reserved 1114112K
  class space    used 1844K, committed 2112K, reserved 1048576K
}
Event: 5.164 GC heap after
{Heap after GC invocations=5 (full 0):
 PSYoungGen      total 29696K, used 4066K [0x00000000eab00000, 0x00000000ecc00000, 0x0000000100000000)
  eden space 25600K, 0% used [0x00000000eab00000,0x00000000eab00000,0x00000000ec400000)
  from space 4096K, 99% used [0x00000000ec400000,0x00000000ec7f88f8,0x00000000ec800000)
  to   space 4096K, 0% used [0x00000000ec800000,0x00000000ec800000,0x00000000ecc00000)
 ParOldGen       total 68608K, used 7079K [0x00000000c0000000, 0x00000000c4300000, 0x00000000eab00000)
  object space 68608K, 10% used [0x00000000c0000000,0x00000000c06e9f50,0x00000000c4300000)
 Metaspace       used 19889K, committed 20480K, reserved 1114112K
  class space    used 1844K, committed 2112K, reserved 1048576K
}

Dll operation events (9 events):
Event: 0.037 Loaded shared library c:\Users\NICOLLE\.vscode\extensions\redhat.java-1.40.0-win32-x64\jre\21.0.6-win32-x86_64\bin\java.dll
Event: 0.234 Loaded shared library c:\Users\NICOLLE\.vscode\extensions\redhat.java-1.40.0-win32-x64\jre\21.0.6-win32-x86_64\bin\zip.dll
Event: 0.266 Loaded shared library C:\Users\NICOLLE\.vscode\extensions\redhat.java-1.40.0-win32-x64\jre\21.0.6-win32-x86_64\bin\instrument.dll
Event: 0.284 Loaded shared library C:\Users\NICOLLE\.vscode\extensions\redhat.java-1.40.0-win32-x64\jre\21.0.6-win32-x86_64\bin\net.dll
Event: 0.291 Loaded shared library C:\Users\NICOLLE\.vscode\extensions\redhat.java-1.40.0-win32-x64\jre\21.0.6-win32-x86_64\bin\nio.dll
Event: 0.303 Loaded shared library C:\Users\NICOLLE\.vscode\extensions\redhat.java-1.40.0-win32-x64\jre\21.0.6-win32-x86_64\bin\zip.dll
Event: 0.345 Loaded shared library C:\Users\NICOLLE\.vscode\extensions\redhat.java-1.40.0-win32-x64\jre\21.0.6-win32-x86_64\bin\jimage.dll
Event: 0.489 Loaded shared library c:\Users\NICOLLE\.vscode\extensions\redhat.java-1.40.0-win32-x64\jre\21.0.6-win32-x86_64\bin\verify.dll
Event: 2.560 Loaded shared library C:\Users\NICOLLE\AppData\Roaming\Code\User\globalStorage\redhat.java\1.40.0\config_ss_win\org.eclipse.equinox.launcher\org.eclipse.equinox.launcher.win32.win32.x86_64_1.2.1200.v20250212-0927\eclipse_11909.dll

Deoptimization events (20 events):
Event: 4.551 Thread 0x0000020482bbd530 DEOPT PACKING pc=0x00000204364c47e4 sp=0x000000f9b98f3180
Event: 4.551 Thread 0x0000020482bbd530 DEOPT UNPACKING pc=0x0000020435e93aa2 sp=0x000000f9b98f3150 mode 2
Event: 4.551 Thread 0x0000020482bbd530 Uncommon trap: trap_request=0xffffffde fr.pc=0x00000204364c5614 relative=0x00000000000003b4
Event: 4.551 Thread 0x0000020482bbd530 Uncommon trap: reason=class_check action=maybe_recompile pc=0x00000204364c5614 method=java.util.regex.Pattern$BmpCharPropertyGreedy.match(Ljava/util/regex/Matcher;ILjava/lang/CharSequence;)Z @ 70 c2
Event: 4.551 Thread 0x0000020482bbd530 DEOPT PACKING pc=0x00000204364c5614 sp=0x000000f9b98f2df0
Event: 4.551 Thread 0x0000020482bbd530 DEOPT UNPACKING pc=0x0000020435e93aa2 sp=0x000000f9b98f2d98 mode 2
Event: 4.551 Thread 0x0000020482bbd530 Uncommon trap: trap_request=0xffffffde fr.pc=0x00000204364c5614 relative=0x00000000000003b4
Event: 4.551 Thread 0x0000020482bbd530 Uncommon trap: reason=class_check action=maybe_recompile pc=0x00000204364c5614 method=java.util.regex.Pattern$BmpCharPropertyGreedy.match(Ljava/util/regex/Matcher;ILjava/lang/CharSequence;)Z @ 70 c2
Event: 4.551 Thread 0x0000020482bbd530 DEOPT PACKING pc=0x00000204364c5614 sp=0x000000f9b98f2c70
Event: 4.551 Thread 0x0000020482bbd530 DEOPT UNPACKING pc=0x0000020435e93aa2 sp=0x000000f9b98f2c18 mode 2
Event: 4.977 Thread 0x0000020482bbd530 Uncommon trap: trap_request=0xffffff45 fr.pc=0x00000204364d78ec relative=0x000000000000014c
Event: 4.977 Thread 0x0000020482bbd530 Uncommon trap: reason=unstable_if action=reinterpret pc=0x00000204364d78ec method=org.lombokweb.asm.ByteVector.putByteArray([BII)Lorg/lombokweb/asm/ByteVector; @ 20 c2
Event: 4.977 Thread 0x0000020482bbd530 DEOPT PACKING pc=0x00000204364d78ec sp=0x000000f9b98f2310
Event: 4.977 Thread 0x0000020482bbd530 DEOPT UNPACKING pc=0x0000020435e93aa2 sp=0x000000f9b98f22e0 mode 2
Event: 4.977 Thread 0x0000020482bbd530 Uncommon trap: trap_request=0xffffff45 fr.pc=0x00000204364d7fa4 relative=0x0000000000000364
Event: 4.977 Thread 0x0000020482bbd530 Uncommon trap: reason=unstable_if action=reinterpret pc=0x00000204364d7fa4 method=org.lombokweb.asm.Label.resolve([BLorg/lombokweb/asm/ByteVector;I)Z @ 81 c2
Event: 4.977 Thread 0x0000020482bbd530 DEOPT PACKING pc=0x00000204364d7fa4 sp=0x000000f9b98f23a0
Event: 4.977 Thread 0x0000020482bbd530 DEOPT UNPACKING pc=0x0000020435e93aa2 sp=0x000000f9b98f22a8 mode 2
Event: 5.055 Thread 0x0000020482bbd530 DEOPT PACKING pc=0x000002042ea37739 sp=0x000000f9b98f4bb0
Event: 5.055 Thread 0x0000020482bbd530 DEOPT UNPACKING pc=0x0000020435e94242 sp=0x000000f9b98f40b0 mode 0

Classes loaded (20 events):
Event: 4.548 Loading class java/io/StringReader
Event: 4.549 Loading class java/io/StringReader done
Event: 4.580 Loading class java/util/zip/GZIPInputStream
Event: 4.581 Loading class java/util/zip/GZIPInputStream done
Event: 4.585 Loading class java/net/SocketTimeoutException
Event: 4.586 Loading class java/io/InterruptedIOException
Event: 4.586 Loading class java/io/InterruptedIOException done
Event: 4.586 Loading class java/net/SocketTimeoutException done
Event: 4.586 Loading class java/net/SocketException
Event: 4.586 Loading class java/net/SocketException done
Event: 4.586 Loading class java/net/UnknownHostException
Event: 4.586 Loading class java/net/UnknownHostException done
Event: 4.586 Loading class java/net/ProtocolException
Event: 4.586 Loading class java/net/ProtocolException done
Event: 4.621 Loading class java/lang/ThreadLocal$SuppliedThreadLocal
Event: 4.621 Loading class java/lang/ThreadLocal$SuppliedThreadLocal done
Event: 4.634 Loading class java/io/FileWriter
Event: 4.635 Loading class java/io/FileWriter done
Event: 4.717 Loading class java/lang/NegativeArraySizeException
Event: 4.718 Loading class java/lang/NegativeArraySizeException done

Classes unloaded (0 events):
No events

Classes redefined (0 events):
No events

Internal exceptions (20 events):
Event: 4.080 Thread 0x0000020482bbd530 Exception <a 'java/io/FileNotFoundException'{0x00000000eab219c0}> (0x00000000eab219c0) 
thrown [s\src\hotspot\share\prims\jni.cpp, line 520]
Event: 4.083 Thread 0x0000020482bbd530 Exception <a 'java/io/FileNotFoundException'{0x00000000eab284e0}> (0x00000000eab284e0) 
thrown [s\src\hotspot\share\prims\jni.cpp, line 520]
Event: 4.249 Thread 0x0000020482bbd530 Exception <a 'java/lang/NoSuchMethodError'{0x00000000eae8ec58}: 'java.lang.Object java.lang.invoke.DirectMethodHandle$Holder.newInvokeSpecial(java.lang.Object, java.lang.Object, java.lang.Object, java.lang.Object, java.lang.Object)'> (0x00000000eae8ec58) 
thrown [s\src\hotspot\share\interpreter\linkResolver.cpp, line 773]
Event: 4.297 Thread 0x0000020482bbd530 Exception <a 'java/lang/NoSuchMethodError'{0x00000000eaf6c860}: 'java.lang.Object java.lang.invoke.DirectMethodHandle$Holder.invokeSpecial(java.lang.Object, java.lang.Object, java.lang.Object, long, java.lang.Object)'> (0x00000000eaf6c860) 
thrown [s\src\hotspot\share\interpreter\linkResolver.cpp, line 773]
Event: 4.298 Thread 0x0000020482bbd530 Exception <a 'java/lang/NoSuchMethodError'{0x00000000eaf73ff0}: 'java.lang.Object java.lang.invoke.DirectMethodHandle$Holder.newInvokeSpecial(java.lang.Object, java.lang.Object, java.lang.Object, long)'> (0x00000000eaf73ff0) 
thrown [s\src\hotspot\share\interpreter\linkResolver.cpp, line 773]
Event: 4.299 Thread 0x0000020482bbd530 Exception <a 'java/lang/NoSuchMethodError'{0x00000000eaf77c70}: 'java.lang.Object java.lang.invoke.Invokers$Holder.linkToTargetMethod(java.lang.Object, java.lang.Object, long, java.lang.Object)'> (0x00000000eaf77c70) 
thrown [s\src\hotspot\share\interpreter\linkResolver.cpp, line 773]
Event: 4.358 Thread 0x0000020482bbd530 Exception <a 'java/lang/NoSuchMethodError'{0x00000000eaff04f8}: 'int java.lang.invoke.DirectMethodHandle$Holder.invokeStaticInit(java.lang.Object, java.lang.Object, java.lang.Object)'> (0x00000000eaff04f8) 
thrown [s\src\hotspot\share\interpreter\linkResolver.cpp, line 773]
Event: 4.428 Thread 0x0000020482bbd530 Exception <a 'java/lang/IncompatibleClassChangeError'{0x00000000eb225450}: Found class java.lang.Object, but interface was expected> (0x00000000eb225450) 
thrown [s\src\hotspot\share\interpreter\linkResolver.cpp, line 840]
Event: 4.430 Thread 0x0000020482bbd530 Exception <a 'java/lang/NoSuchMethodError'{0x00000000eb228da8}: 'java.lang.Object java.lang.invoke.DirectMethodHandle$Holder.invokeSpecial(java.lang.Object, java.lang.Object, java.lang.Object, int, java.lang.Object, java.lang.Object)'> (0x00000000eb228da8) 
thrown [s\src\hotspot\share\interpreter\linkResolver.cpp, line 773]
Event: 4.431 Thread 0x0000020482bbd530 Exception <a 'java/lang/NoSuchMethodError'{0x00000000eb230640}: 'java.lang.Object java.lang.invoke.DirectMethodHandle$Holder.newInvokeSpecial(java.lang.Object, java.lang.Object, java.lang.Object, int, java.lang.Object)'> (0x00000000eb230640) 
thrown [s\src\hotspot\share\interpreter\linkResolver.cpp, line 773]
Event: 4.431 Thread 0x0000020482bbd530 Exception <a 'java/lang/NoSuchMethodError'{0x00000000eb234130}: 'java.lang.Object java.lang.invoke.Invokers$Holder.linkToTargetMethod(java.lang.Object, java.lang.Object, int, java.lang.Object, java.lang.Object)'> (0x00000000eb234130) 
thrown [s\src\hotspot\share\interpreter\linkResolver.cpp, line 773]
Event: 4.432 Thread 0x0000020487bd75f0 Exception <a 'java/lang/NoSuchMethodError'{0x00000000eafcf228}: 'java.lang.Object java.lang.invoke.DirectMethodHandle$Holder.invokeSpecial(java.lang.Object, java.lang.Object, int, java.lang.Object, java.lang.Object)'> (0x00000000eafcf228) 
thrown [s\src\hotspot\share\interpreter\linkResolver.cpp, line 773]
Event: 4.433 Thread 0x0000020487bd75f0 Exception <a 'java/lang/NoSuchMethodError'{0x00000000eafd5f60}: 'java.lang.Object java.lang.invoke.DirectMethodHandle$Holder.newInvokeSpecial(java.lang.Object, java.lang.Object, int, java.lang.Object)'> (0x00000000eafd5f60) 
thrown [s\src\hotspot\share\interpreter\linkResolver.cpp, line 773]
Event: 4.462 Thread 0x0000020482bbd530 Exception <a 'java/lang/NoSuchMethodError'{0x00000000eb361be0}: 'void java.lang.invoke.DirectMethodHandle$Holder.invokeSpecial(java.lang.Object, java.lang.Object, java.lang.Object, java.lang.Object, java.lang.Object)'> (0x00000000eb361be0) 
thrown [s\src\hotspot\share\interpreter\linkResolver.cpp, line 773]
Event: 4.530 Thread 0x0000020482bbd530 Exception <a 'java/lang/NoSuchMethodError'{0x00000000eb587f18}: 'double java.lang.invoke.DirectMethodHandle$Holder.invokeStatic(java.lang.Object, java.lang.Object)'> (0x00000000eb587f18) 
thrown [s\src\hotspot\share\interpreter\linkResolver.cpp, line 773]
Event: 4.531 Thread 0x0000020482bbd530 Exception <a 'java/lang/NoSuchMethodError'{0x00000000eb58b5d8}: 'double java.lang.invoke.DirectMethodHandle$Holder.invokeStaticInit(java.lang.Object, java.lang.Object)'> (0x00000000eb58b5d8) 
thrown [s\src\hotspot\share\interpreter\linkResolver.cpp, line 773]
Event: 4.725 Thread 0x0000020482bbd530 Exception <a 'java/io/FileNotFoundException'{0x00000000eac38718}> (0x00000000eac38718) 
thrown [s\src\hotspot\share\prims\jni.cpp, line 520]
Event: 4.725 Thread 0x0000020482bbd530 Exception <a 'java/io/FileNotFoundException'{0x00000000eac39598}> (0x00000000eac39598) 
thrown [s\src\hotspot\share\prims\jni.cpp, line 520]
Event: 4.726 Thread 0x0000020482bbd530 Exception <a 'java/io/FileNotFoundException'{0x00000000eac3a518}> (0x00000000eac3a518) 
thrown [s\src\hotspot\share\prims\jni.cpp, line 520]
Event: 4.977 Thread 0x0000020482bbd530 Implicit null exception at 0x00000204364d77f5 to 0x00000204364d78d0

ZGC Phase Switch (0 events):
No events

VM Operations (20 events):
Event: 2.289 Executing VM operation: HandshakeAllThreads (Deoptimize)
Event: 2.289 Executing VM operation: HandshakeAllThreads (Deoptimize) done
Event: 2.677 Executing VM operation: ParallelGCFailedAllocation (Allocation Failure)
Event: 2.686 Executing VM operation: ParallelGCFailedAllocation (Allocation Failure) done
Event: 2.722 Executing VM operation: HandshakeAllThreads (Deoptimize)
Event: 2.722 Executing VM operation: HandshakeAllThreads (Deoptimize) done
Event: 2.945 Executing VM operation: HandshakeAllThreads (Deoptimize)
Event: 2.945 Executing VM operation: HandshakeAllThreads (Deoptimize) done
Event: 3.595 Executing VM operation: HandshakeAllThreads (Deoptimize)
Event: 3.595 Executing VM operation: HandshakeAllThreads (Deoptimize) done
Event: 4.050 Executing VM operation: ParallelGCFailedAllocation (Allocation Failure)
Event: 4.060 Executing VM operation: ParallelGCFailedAllocation (Allocation Failure) done
Event: 4.382 Executing VM operation: HandshakeAllThreads (Deoptimize)
Event: 4.382 Executing VM operation: HandshakeAllThreads (Deoptimize) done
Event: 4.412 Executing VM operation: HandshakeAllThreads (Deoptimize)
Event: 4.412 Executing VM operation: HandshakeAllThreads (Deoptimize) done
Event: 4.694 Executing VM operation: ParallelGCFailedAllocation (Allocation Failure)
Event: 4.700 Executing VM operation: ParallelGCFailedAllocation (Allocation Failure) done
Event: 5.157 Executing VM operation: ParallelGCFailedAllocation (Allocation Failure)
Event: 5.164 Executing VM operation: ParallelGCFailedAllocation (Allocation Failure) done

Memory protections (0 events):
No events

Nmethod flushes (0 events):
No events

Events (19 events):
Event: 0.128 Thread 0x000002042b723690 Thread added: 0x000002042b723690
Event: 0.169 Thread 0x000002042b723690 Thread added: 0x0000020482bb44b0
Event: 0.170 Thread 0x000002042b723690 Thread added: 0x000002043fb0c0c0
Event: 0.170 Thread 0x000002042b723690 Thread added: 0x0000020482bb6190
Event: 0.170 Thread 0x000002042b723690 Thread added: 0x0000020482bb6fa0
Event: 0.170 Thread 0x000002042b723690 Thread added: 0x0000020482bb95c0
Event: 0.170 Thread 0x000002042b723690 Thread added: 0x0000020482bbef70
Event: 0.171 Thread 0x000002042b723690 Thread added: 0x0000020482bcdf10
Event: 0.171 Thread 0x000002042b723690 Thread added: 0x0000020482bcea50
Event: 0.212 Thread 0x000002042b723690 Thread added: 0x0000020482bbfc90
Event: 0.685 Thread 0x000002042b723690 Thread added: 0x0000020482bbc810
Event: 2.184 Thread 0x000002042b723690 Thread added: 0x0000020482bbcea0
Event: 2.530 Thread 0x000002042b723690 Thread added: 0x0000020482bbf600
Event: 2.536 Thread 0x000002042b723690 Thread added: 0x0000020482bbd530
Event: 2.602 Thread 0x0000020482bbd530 Thread added: 0x0000020482bbdbc0
Event: 2.914 Thread 0x0000020482bbd530 Thread added: 0x0000020482bbe250
Event: 3.675 Thread 0x0000020482bbd530 Thread added: 0x0000020482bbe8e0
Event: 4.334 Thread 0x0000020482bbd530 Thread added: 0x0000020487bd75f0
Event: 4.433 Thread 0x0000020482bbd530 Thread added: 0x0000020487bdaa70


Dynamic libraries:
0x00007ff6d9220000 - 0x00007ff6d922e000 	c:\Users\NICOLLE\.vscode\extensions\redhat.java-1.40.0-win32-x64\jre\21.0.6-win32-x86_64\bin\java.exe
0x00007ffd0e210000 - 0x00007ffd0e427000 	C:\WINDOWS\SYSTEM32\ntdll.dll
0x00007ffd0c130000 - 0x00007ffd0c1f4000 	C:\WINDOWS\System32\KERNEL32.DLL
0x00007ffd0bad0000 - 0x00007ffd0bea0000 	C:\WINDOWS\System32\KERNELBASE.dll
0x00007ffd0b750000 - 0x00007ffd0b861000 	C:\WINDOWS\System32\ucrtbase.dll
0x00007ffceff20000 - 0x00007ffceff3e000 	c:\Users\NICOLLE\.vscode\extensions\redhat.java-1.40.0-win32-x64\jre\21.0.6-win32-x86_64\bin\VCRUNTIME140.dll
0x00007ffcf9430000 - 0x00007ffcf9448000 	c:\Users\NICOLLE\.vscode\extensions\redhat.java-1.40.0-win32-x64\jre\21.0.6-win32-x86_64\bin\jli.dll
0x00007ffd0d160000 - 0x00007ffd0d30e000 	C:\WINDOWS\System32\USER32.dll
0x00007ffcf4260000 - 0x00007ffcf44f2000 	C:\WINDOWS\WinSxS\amd64_microsoft.windows.common-controls_6595b64144ccf1df_6.0.22621.4830_none_270fe7d773858e80\COMCTL32.dll
0x00007ffd0bed0000 - 0x00007ffd0bef6000 	C:\WINDOWS\System32\win32u.dll
0x00007ffd0c280000 - 0x00007ffd0c327000 	C:\WINDOWS\System32\msvcrt.dll
0x00007ffd0db00000 - 0x00007ffd0db29000 	C:\WINDOWS\System32\GDI32.dll
0x00007ffd0b930000 - 0x00007ffd0ba4b000 	C:\WINDOWS\System32\gdi32full.dll
0x00007ffd0b6b0000 - 0x00007ffd0b74a000 	C:\WINDOWS\System32\msvcp_win.dll
0x00007ffd0d560000 - 0x00007ffd0d591000 	C:\WINDOWS\System32\IMM32.DLL
0x00007ffcffd80000 - 0x00007ffcffd8c000 	c:\Users\NICOLLE\.vscode\extensions\redhat.java-1.40.0-win32-x64\jre\21.0.6-win32-x86_64\bin\vcruntime140_1.dll
0x00007ffcce7c0000 - 0x00007ffcce84d000 	c:\Users\NICOLLE\.vscode\extensions\redhat.java-1.40.0-win32-x64\jre\21.0.6-win32-x86_64\bin\msvcp140.dll
0x00007ffca9ea0000 - 0x00007ffcaac30000 	c:\Users\NICOLLE\.vscode\extensions\redhat.java-1.40.0-win32-x64\jre\21.0.6-win32-x86_64\bin\server\jvm.dll
0x00007ffd0c030000 - 0x00007ffd0c0e1000 	C:\WINDOWS\System32\ADVAPI32.dll
0x00007ffd0bf80000 - 0x00007ffd0c027000 	C:\WINDOWS\System32\sechost.dll
0x00007ffd0bea0000 - 0x00007ffd0bec8000 	C:\WINDOWS\System32\bcrypt.dll
0x00007ffd0db30000 - 0x00007ffd0dc44000 	C:\WINDOWS\System32\RPCRT4.dll
0x00007ffd0bf00000 - 0x00007ffd0bf71000 	C:\WINDOWS\System32\WS2_32.dll
0x00007ffd0b390000 - 0x00007ffd0b3dd000 	C:\WINDOWS\SYSTEM32\POWRPROF.dll
0x00007ffd03890000 - 0x00007ffd0389a000 	C:\WINDOWS\SYSTEM32\VERSION.dll
0x00007ffd073b0000 - 0x00007ffd073e4000 	C:\WINDOWS\SYSTEM32\WINMM.dll
0x00007ffd0b370000 - 0x00007ffd0b383000 	C:\WINDOWS\SYSTEM32\UMPDC.dll
0x00007ffd0a4d0000 - 0x00007ffd0a4e8000 	C:\WINDOWS\SYSTEM32\kernel.appcore.dll
0x00007ffcf9f70000 - 0x00007ffcf9f7a000 	c:\Users\NICOLLE\.vscode\extensions\redhat.java-1.40.0-win32-x64\jre\21.0.6-win32-x86_64\bin\jimage.dll
0x00007ffd08e70000 - 0x00007ffd090a2000 	C:\WINDOWS\SYSTEM32\DBGHELP.DLL
0x00007ffd0d5b0000 - 0x00007ffd0d940000 	C:\WINDOWS\System32\combase.dll
0x00007ffd0dc60000 - 0x00007ffd0dd37000 	C:\WINDOWS\System32\OLEAUT32.dll
0x00007ffceb9f0000 - 0x00007ffceba22000 	C:\WINDOWS\SYSTEM32\dbgcore.DLL
0x00007ffd0ba50000 - 0x00007ffd0bacb000 	C:\WINDOWS\System32\bcryptPrimitives.dll
0x00007ffce7cb0000 - 0x00007ffce7cbf000 	c:\Users\NICOLLE\.vscode\extensions\redhat.java-1.40.0-win32-x64\jre\21.0.6-win32-x86_64\bin\instrument.dll
0x00007ffcf94a0000 - 0x00007ffcf94bf000 	c:\Users\NICOLLE\.vscode\extensions\redhat.java-1.40.0-win32-x64\jre\21.0.6-win32-x86_64\bin\java.dll
0x00007ffd0c330000 - 0x00007ffd0cba8000 	C:\WINDOWS\System32\SHELL32.dll
0x00007ffd093c0000 - 0x00007ffd09cd0000 	C:\WINDOWS\SYSTEM32\windows.storage.dll
0x00007ffd09280000 - 0x00007ffd093bf000 	C:\WINDOWS\SYSTEM32\wintypes.dll
0x00007ffd0cbb0000 - 0x00007ffd0ccba000 	C:\WINDOWS\System32\SHCORE.dll
0x00007ffd0d0f0000 - 0x00007ffd0d14e000 	C:\WINDOWS\System32\shlwapi.dll
0x00007ffd0b3f0000 - 0x00007ffd0b41b000 	C:\WINDOWS\SYSTEM32\profapi.dll
0x00007ffce43b0000 - 0x00007ffce43c8000 	c:\Users\NICOLLE\.vscode\extensions\redhat.java-1.40.0-win32-x64\jre\21.0.6-win32-x86_64\bin\zip.dll
0x00007ffcf94d0000 - 0x00007ffcf94e0000 	C:\Users\NICOLLE\.vscode\extensions\redhat.java-1.40.0-win32-x64\jre\21.0.6-win32-x86_64\bin\net.dll
0x00007ffd062d0000 - 0x00007ffd063fc000 	C:\WINDOWS\SYSTEM32\WINHTTP.dll
0x00007ffd0a980000 - 0x00007ffd0a9ea000 	C:\WINDOWS\system32\mswsock.dll
0x00007ffce4380000 - 0x00007ffce4396000 	C:\Users\NICOLLE\.vscode\extensions\redhat.java-1.40.0-win32-x64\jre\21.0.6-win32-x86_64\bin\nio.dll
0x00007ffce4370000 - 0x00007ffce4380000 	c:\Users\NICOLLE\.vscode\extensions\redhat.java-1.40.0-win32-x64\jre\21.0.6-win32-x86_64\bin\verify.dll
0x00007ffcd3310000 - 0x00007ffcd3355000 	C:\Users\NICOLLE\AppData\Roaming\Code\User\globalStorage\redhat.java\1.40.0\config_ss_win\org.eclipse.equinox.launcher\org.eclipse.equinox.launcher.win32.win32.x86_64_1.2.1200.v20250212-0927\eclipse_11909.dll
0x00007ffd0ccc0000 - 0x00007ffd0ce61000 	C:\WINDOWS\System32\ole32.dll

dbghelp: loaded successfully - version: 4.0.5 - missing functions: none
symbol engine: initialized successfully - sym options: 0x614 - pdb path: .;c:\Users\NICOLLE\.vscode\extensions\redhat.java-1.40.0-win32-x64\jre\21.0.6-win32-x86_64\bin;C:\WINDOWS\SYSTEM32;C:\WINDOWS\WinSxS\amd64_microsoft.windows.common-controls_6595b64144ccf1df_6.0.22621.4830_none_270fe7d773858e80;c:\Users\NICOLLE\.vscode\extensions\redhat.java-1.40.0-win32-x64\jre\21.0.6-win32-x86_64\bin\server;C:\Users\NICOLLE\AppData\Roaming\Code\User\globalStorage\redhat.java\1.40.0\config_ss_win\org.eclipse.equinox.launcher\org.eclipse.equinox.launcher.win32.win32.x86_64_1.2.1200.v20250212-0927

VM Arguments:
jvm_args: --add-modules=ALL-SYSTEM --add-opens=java.base/java.util=ALL-UNNAMED --add-opens=java.base/java.lang=ALL-UNNAMED --add-opens=java.base/sun.nio.fs=ALL-UNNAMED -Declipse.application=org.eclipse.jdt.ls.core.id1 -Dosgi.bundles.defaultStartLevel=4 -Declipse.product=org.eclipse.jdt.ls.core.product -Djava.import.generatesMetadataFilesAtProjectRoot=false -DDetectVMInstallationsJob.disabled=true -Dfile.encoding=utf8 -XX:+UseParallelGC -XX:GCTimeRatio=4 -XX:AdaptiveSizePolicyWeight=90 -Dsun.zip.disableMemoryMapping=true -Xmx1G -Xms100m -Xlog:disable -javaagent:c:\Users\NICOLLE\.vscode\extensions\redhat.java-1.40.0-win32-x64\lombok\lombok-1.18.36.jar 
java_command: c:\Users\NICOLLE\.vscode\extensions\redhat.java-1.40.0-win32-x64\server\plugins\org.eclipse.equinox.launcher_1.6.1000.v20250131-0606.jar -configuration c:\Users\NICOLLE\AppData\Roaming\Code\User\globalStorage\redhat.java\1.40.0\config_ss_win -data c:\Users\NICOLLE\AppData\Roaming\Code\User\workspaceStorage\5acc35012647f89035c592c622bfbcc8\redhat.java\ss_ws --pipe=\\.\pipe\lsp-258d41b6a8d0158f46ff80206d826368-sock
java_class_path (initial): c:\Users\NICOLLE\.vscode\extensions\redhat.java-1.40.0-win32-x64\server\plugins\org.eclipse.equinox.launcher_1.6.1000.v20250131-0606.jar
Launcher Type: SUN_STANDARD

[Global flags]
    uintx AdaptiveSizePolicyWeight                 = 90                                        {product} {command line}
     intx CICompilerCount                          = 4                                         {product} {ergonomic}
    uintx GCTimeRatio                              = 4                                         {product} {command line}
   size_t InitialHeapSize                          = 104857600                                 {product} {command line}
   size_t MaxHeapSize                              = 1073741824                                {product} {command line}
   size_t MaxNewSize                               = 357564416                                 {product} {ergonomic}
   size_t MinHeapDeltaBytes                        = 524288                                    {product} {ergonomic}
   size_t MinHeapSize                              = 104857600                                 {product} {command line}
   size_t NewSize                                  = 34603008                                  {product} {ergonomic}
    uintx NonNMethodCodeHeapSize                   = 5839372                                {pd product} {ergonomic}
    uintx NonProfiledCodeHeapSize                  = 122909434                              {pd product} {ergonomic}
   size_t OldSize                                  = 70254592                                  {product} {ergonomic}
    uintx ProfiledCodeHeapSize                     = 122909434                              {pd product} {ergonomic}
    uintx ReservedCodeCacheSize                    = 251658240                              {pd product} {ergonomic}
     bool SegmentedCodeCache                       = true                                      {product} {ergonomic}
   size_t SoftMaxHeapSize                          = 1073741824                             {manageable} {ergonomic}
     bool UseCompressedOops                        = true                           {product lp64_product} {ergonomic}
     bool UseLargePagesIndividualAllocation        = false                                  {pd product} {ergonomic}
     bool UseParallelGC                            = true                                      {product} {command line}

Logging:
Log output configuration:
 #0: stdout all=off uptime,level,tags foldmultilines=false
 #1: stderr all=off uptime,level,tags foldmultilines=false

Environment Variables:
PATH=C:\Program Files\Common Files\Oracle\Java\javapath;C:\Program Files (x86)\Common Files\Oracle\Java\javapath;C:\Python312\Scripts\;C:\Python312\;C:\Program Files (x86)\Common Files\Intel\Shared Libraries\redist\intel64\compiler;C:\WINDOWS\system32;C:\WINDOWS;C:\WINDOWS\System32\Wbem;C:\WINDOWS\System32\WindowsPowerShell\v1.0\;C:\WINDOWS\System32\OpenSSH\;C:\Program Files\nodejs\;C:\ProgramData\chocolatey\bin;C:\Program Files\Java\jdk-22\;C:\Program Files\Git\cmd;C:\flutter\bin\cache\dart-sdk\bin;C:\flutter\bin;C:\abd\platform-tools;;C:\Program Files\Docker\Docker\resources\bin;C:\Ruby33\bin;C:\Users\NICOLLE\AppData\Local\Microsoft\WindowsApps;C:\Users\NICOLLE\AppData\Local\Programs\Microsoft VS Code\bin;C:\ProgramData\NICOLLE\GitHubDesktop\bin;C:\Users\NICOLLE\AppData\Roaming\npm;C:\Program Files\Java\jdk-22\;C:\flutter\bin\cache\dart-sdk\bin;C:\flutter\bin;C:\abd\platform-tools;
USERNAME=NICOLLE
OS=Windows_NT
PROCESSOR_IDENTIFIER=AMD64 Family 23 Model 104 Stepping 1, AuthenticAMD
TMP=C:\Users\NICOLLE\AppData\Local\Temp
TEMP=C:\Users\NICOLLE\AppData\Local\Temp




Periodic native trim disabled

---------------  S Y S T E M  ---------------

OS:
 Windows 11 , 64 bit Build 22621 (10.0.22621.4830)
OS uptime: 0 days 1:08 hours
Hyper-V role detected

CPU: total 12 (initial active 12) (12 cores per cpu, 2 threads per core) family 23 model 104 stepping 1 microcode 0x0, cx8, cmov, fxsr, ht, mmx, 3dnowpref, sse, sse2, sse3, ssse3, sse4a, sse4.1, sse4.2, popcnt, lzcnt, tsc, tscinvbit, avx, avx2, aes, clmul, bmi1, bmi2, adx, sha, fma, vzeroupper, clflush, clflushopt, hv, rdtscp, rdpid, f16c
Processor Information for the first 12 processors :
  Max Mhz: 2100, Current Mhz: 2100, Mhz Limit: 2100

Memory: 4k page, system-wide physical 3434M (7M free)
TotalPageFile size 14186M (AvailPageFile size 0M)
current process WorkingSet (physical memory assigned to process): 95M, peak: 108M
current process commit charge ("private bytes"): 239M, peak: 243M

vm_info: OpenJDK 64-Bit Server VM (21.0.6+7-LTS) for windows-amd64 JRE (21.0.6+7-LTS), built on 2025-01-21T00:00:00Z by "admin" with MS VC++ 17.7 (VS2022)

END.
