Started GET "/user" for 172.17.0.1 at 2025-03-06 03:39:04 +0000
  [1m[36mActiveRecord::SchemaMigration Load (3.6ms)[0m  [1m[34mSELECT "schema_migrations"."version" FROM "schema_migrations" ORDER BY "schema_migrations"."version" ASC /*application='MiApi'*/[0m
  
ActionController::RoutingError (No route matches [GET] "/user"):
  
Started GET "/favicon.ico" for 172.17.0.1 at 2025-03-06 03:39:05 +0000
  
ActionController::RoutingError (No route matches [GET] "/favicon.ico"):
  
Started GET "/user" for 172.17.0.1 at 2025-03-06 03:39:26 +0000
  
ActionController::RoutingError (No route matches [GET] "/user"):
  
Started GET "/user" for 172.17.0.1 at 2025-03-06 03:40:26 +0000
  
ActionController::RoutingError (uninitialized constant UsersController)
Caused by: ActionDispatch::MissingController (uninitialized constant UsersController)
Caused by: NameError (uninitialized constant UsersController)

Information for: ActionController::RoutingError (uninitialized constant UsersController):
  

Information for cause: ActionDispatch::MissingController (uninitialized constant UsersController):
  
actionpack (8.0.1) lib/action_dispatch/http/request.rb:102:in `rescue in controller_class_for'
actionpack (8.0.1) lib/action_dispatch/http/request.rb:98:in `controller_class_for'
actionpack (8.0.1) lib/action_dispatch/http/request.rb:91:in `controller_class'
actionpack (8.0.1) lib/action_dispatch/routing/route_set.rb:61:in `controller'
actionpack (8.0.1) lib/action_dispatch/routing/route_set.rb:48:in `serve'
actionpack (8.0.1) lib/action_dispatch/journey/router.rb:53:in `block in serve'
actionpack (8.0.1) lib/action_dispatch/journey/router.rb:133:in `block in find_routes'
actionpack (8.0.1) lib/action_dispatch/journey/router.rb:126:in `each'
actionpack (8.0.1) lib/action_dispatch/journey/router.rb:126:in `find_routes'
actionpack (8.0.1) lib/action_dispatch/journey/router.rb:34:in `serve'
actionpack (8.0.1) lib/action_dispatch/routing/route_set.rb:908:in `call'
railties (8.0.1) lib/rails/engine/lazy_route_set.rb:68:in `call'
rack (3.1.10) lib/rack/etag.rb:29:in `call'
rack (3.1.10) lib/rack/conditional_get.rb:31:in `call'
rack (3.1.10) lib/rack/head.rb:15:in `call'
activerecord (8.0.1) lib/active_record/migration.rb:671:in `call'
actionpack (8.0.1) lib/action_dispatch/middleware/callbacks.rb:31:in `block in call'
activesupport (8.0.1) lib/active_support/callbacks.rb:100:in `run_callbacks'
actionpack (8.0.1) lib/action_dispatch/middleware/callbacks.rb:30:in `call'
actionpack (8.0.1) lib/action_dispatch/middleware/executor.rb:16:in `call'
actionpack (8.0.1) lib/action_dispatch/middleware/actionable_exceptions.rb:18:in `call'
actionpack (8.0.1) lib/action_dispatch/middleware/debug_exceptions.rb:31:in `call'
actionpack (8.0.1) lib/action_dispatch/middleware/show_exceptions.rb:32:in `call'
railties (8.0.1) lib/rails/rack/logger.rb:41:in `call_app'
railties (8.0.1) lib/rails/rack/logger.rb:29:in `call'
actionpack (8.0.1) lib/action_dispatch/middleware/remote_ip.rb:96:in `call'
actionpack (8.0.1) lib/action_dispatch/middleware/request_id.rb:34:in `call'
rack (3.1.10) lib/rack/runtime.rb:24:in `call'
actionpack (8.0.1) lib/action_dispatch/middleware/server_timing.rb:61:in `block in call'
actionpack (8.0.1) lib/action_dispatch/middleware/server_timing.rb:26:in `collect_events'
actionpack (8.0.1) lib/action_dispatch/middleware/server_timing.rb:60:in `call'
actionpack (8.0.1) lib/action_dispatch/middleware/executor.rb:16:in `call'
actionpack (8.0.1) lib/action_dispatch/middleware/static.rb:27:in `call'
rack (3.1.10) lib/rack/sendfile.rb:114:in `call'
actionpack (8.0.1) lib/action_dispatch/middleware/host_authorization.rb:143:in `call'
railties (8.0.1) lib/rails/engine.rb:535:in `call'
puma (6.6.0) lib/puma/configuration.rb:279:in `call'
puma (6.6.0) lib/puma/request.rb:99:in `block in handle_request'
puma (6.6.0) lib/puma/thread_pool.rb:390:in `with_force_shutdown'
puma (6.6.0) lib/puma/request.rb:98:in `handle_request'
puma (6.6.0) lib/puma/server.rb:472:in `process_client'
puma (6.6.0) lib/puma/server.rb:254:in `block in run'
puma (6.6.0) lib/puma/thread_pool.rb:167:in `block in spawn_thread'

Information for cause: NameError (uninitialized constant UsersController):
  
activesupport (8.0.1) lib/active_support/inflector/methods.rb:290:in `constantize'
activesupport (8.0.1) lib/active_support/core_ext/string/inflections.rb:74:in `constantize'
actionpack (8.0.1) lib/action_dispatch/http/request.rb:99:in `controller_class_for'
actionpack (8.0.1) lib/action_dispatch/http/request.rb:91:in `controller_class'
actionpack (8.0.1) lib/action_dispatch/routing/route_set.rb:61:in `controller'
actionpack (8.0.1) lib/action_dispatch/routing/route_set.rb:48:in `serve'
actionpack (8.0.1) lib/action_dispatch/journey/router.rb:53:in `block in serve'
actionpack (8.0.1) lib/action_dispatch/journey/router.rb:133:in `block in find_routes'
actionpack (8.0.1) lib/action_dispatch/journey/router.rb:126:in `each'
actionpack (8.0.1) lib/action_dispatch/journey/router.rb:126:in `find_routes'
actionpack (8.0.1) lib/action_dispatch/journey/router.rb:34:in `serve'
actionpack (8.0.1) lib/action_dispatch/routing/route_set.rb:908:in `call'
railties (8.0.1) lib/rails/engine/lazy_route_set.rb:68:in `call'
rack (3.1.10) lib/rack/etag.rb:29:in `call'
rack (3.1.10) lib/rack/conditional_get.rb:31:in `call'
rack (3.1.10) lib/rack/head.rb:15:in `call'
activerecord (8.0.1) lib/active_record/migration.rb:671:in `call'
actionpack (8.0.1) lib/action_dispatch/middleware/callbacks.rb:31:in `block in call'
activesupport (8.0.1) lib/active_support/callbacks.rb:100:in `run_callbacks'
actionpack (8.0.1) lib/action_dispatch/middleware/callbacks.rb:30:in `call'
actionpack (8.0.1) lib/action_dispatch/middleware/executor.rb:16:in `call'
actionpack (8.0.1) lib/action_dispatch/middleware/actionable_exceptions.rb:18:in `call'
actionpack (8.0.1) lib/action_dispatch/middleware/debug_exceptions.rb:31:in `call'
actionpack (8.0.1) lib/action_dispatch/middleware/show_exceptions.rb:32:in `call'
railties (8.0.1) lib/rails/rack/logger.rb:41:in `call_app'
railties (8.0.1) lib/rails/rack/logger.rb:29:in `call'
actionpack (8.0.1) lib/action_dispatch/middleware/remote_ip.rb:96:in `call'
actionpack (8.0.1) lib/action_dispatch/middleware/request_id.rb:34:in `call'
rack (3.1.10) lib/rack/runtime.rb:24:in `call'
actionpack (8.0.1) lib/action_dispatch/middleware/server_timing.rb:61:in `block in call'
actionpack (8.0.1) lib/action_dispatch/middleware/server_timing.rb:26:in `collect_events'
actionpack (8.0.1) lib/action_dispatch/middleware/server_timing.rb:60:in `call'
actionpack (8.0.1) lib/action_dispatch/middleware/executor.rb:16:in `call'
actionpack (8.0.1) lib/action_dispatch/middleware/static.rb:27:in `call'
rack (3.1.10) lib/rack/sendfile.rb:114:in `call'
actionpack (8.0.1) lib/action_dispatch/middleware/host_authorization.rb:143:in `call'
railties (8.0.1) lib/rails/engine.rb:535:in `call'
puma (6.6.0) lib/puma/configuration.rb:279:in `call'
puma (6.6.0) lib/puma/request.rb:99:in `block in handle_request'
puma (6.6.0) lib/puma/thread_pool.rb:390:in `with_force_shutdown'
puma (6.6.0) lib/puma/request.rb:98:in `handle_request'
puma (6.6.0) lib/puma/server.rb:472:in `process_client'
puma (6.6.0) lib/puma/server.rb:254:in `block in run'
puma (6.6.0) lib/puma/thread_pool.rb:167:in `block in spawn_thread'
Started GET "/user" for 172.17.0.1 at 2025-03-06 03:41:59 +0000
  
ActionController::RoutingError (No route matches [GET] "/user"):
  
Started GET "/user" for 172.17.0.1 at 2025-03-06 03:43:35 +0000
Processing by UserController#index as HTML
  [1m[36mUser Load (67.7ms)[0m  [1m[34mSELECT "users".* FROM "users" /*action='index',application='MiApi',controller='user'*/[0m
  ↳ app/controllers/user_controller.rb:8:in `index'
Completed 200 OK in 579ms (Views: 135.1ms | ActiveRecord: 80.0ms (1 query, 0 cached) | GC: 23.7ms)


Started GET "/user" for 172.17.0.1 at 2025-03-08 04:01:19 +0000
  [1m[36mActiveRecord::SchemaMigration Load (3.5ms)[0m  [1m[34mSELECT "schema_migrations"."version" FROM "schema_migrations" ORDER BY "schema_migrations"."version" ASC /*application='MiApi'*/[0m
Started GET "/user" for 172.17.0.1 at 2025-03-08 04:01:20 +0000
Processing by UserController#index as HTML
  [1m[36mUser Load (31.9ms)[0m  [1m[34mSELECT "users".* FROM "users" /*action='index',application='MiApi',controller='user'*/[0m
  ↳ app/controllers/user_controller.rb:8:in `index'
Processing by UserController#index as HTML
  [1m[36mUser Load (16.4ms)[0m  [1m[34mSELECT "users".* FROM "users" /*action='index',application='MiApi',controller='user'*/[0m
Completed 200 OK in 312ms (Views: 68.0ms | ActiveRecord: 40.5ms (1 query, 0 cached) | GC: 0.0ms)


  ↳ app/controllers/user_controller.rb:8:in `index'
Completed 200 OK in 74ms (Views: 55.7ms | ActiveRecord: 16.3ms (1 query, 0 cached) | GC: 0.0ms)


Started GET "/favicon.ico" for 172.17.0.1 at 2025-03-08 04:01:21 +0000
  
ActionController::RoutingError (No route matches [GET] "/favicon.ico"):
  
Started GET "/user" for 172.17.0.1 at 2025-03-08 04:02:21 +0000
Processing by UserController#index as */*
  [1m[36mUser Load (101.4ms)[0m  [1m[34mSELECT "users".* FROM "users" /*action='index',application='MiApi',controller='user'*/[0m
  ↳ app/controllers/user_controller.rb:8:in `index'
Completed 200 OK in 544ms (Views: 356.7ms | ActiveRecord: 98.2ms (1 query, 0 cached) | GC: 0.0ms)


Started GET "/user" for 172.17.0.1 at 2025-03-08 04:02:23 +0000
Processing by UserController#index as */*
  [1m[36mUser Load (3.1ms)[0m  [1m[34mSELECT "users".* FROM "users" /*action='index',application='MiApi',controller='user'*/[0m
  ↳ app/controllers/user_controller.rb:8:in `index'
Completed 200 OK in 554ms (Views: 550.5ms | ActiveRecord: 3.0ms (1 query, 0 cached) | GC: 530.4ms)


Started GET "/user" for 172.17.0.1 at 2025-03-08 04:04:04 +0000
Processing by UserController#index as */*
  [1m[36mUser Load (26.2ms)[0m  [1m[34mSELECT "users".* FROM "users" /*action='index',application='MiApi',controller='user'*/[0m
  ↳ app/controllers/user_controller.rb:8:in `index'
Completed 200 OK in 487ms (Views: 445.5ms | ActiveRecord: 25.9ms (1 query, 0 cached) | GC: 299.1ms)


Started GET "/user?name=1" for 172.17.0.1 at 2025-03-08 04:07:48 +0000
Processing by UserController#index as */*
  Parameters: {"name"=>"1"}
  [1m[36mUser Load (15.2ms)[0m  [1m[34mSELECT "users".* FROM "users" /*action='index',application='MiApi',controller='user'*/[0m
  ↳ app/controllers/user_controller.rb:8:in `index'
Completed 200 OK in 40ms (Views: 22.7ms | ActiveRecord: 15.2ms (1 query, 0 cached) | GC: 0.0ms)


Started GET "/user?name=1" for 172.17.0.1 at 2025-03-08 04:07:53 +0000
Processing by UserController#index as */*
  Parameters: {"name"=>"1"}
  [1m[36mUser Load (1.6ms)[0m  [1m[34mSELECT "users".* FROM "users" /*action='index',application='MiApi',controller='user'*/[0m
  ↳ app/controllers/user_controller.rb:8:in `index'
Completed 200 OK in 50ms (Views: 47.9ms | ActiveRecord: 1.4ms (1 query, 0 cached) | GC: 39.1ms)


Started GET "/user?name=nina" for 172.17.0.1 at 2025-03-08 04:08:08 +0000
Processing by UserController#index as */*
  Parameters: {"name"=>"nina"}
  [1m[36mUser Load (633.8ms)[0m  [1m[34mSELECT "users".* FROM "users" /*action='index',application='MiApi',controller='user'*/[0m
  ↳ app/controllers/user_controller.rb:8:in `index'
Completed 200 OK in 1141ms (Views: 466.9ms | ActiveRecord: 638.9ms (1 query, 0 cached) | GC: 0.0ms)


Started GET "/user" for 172.17.0.1 at 2025-03-08 04:10:45 +0000
  
SyntaxError (/app/config/routes.rb:8: syntax error, unexpected local variable or method, expecting `do' or '{' or '('
  final response = await http.get(Uri.parse('http://10.0.2...
                         ^~~~
):
  
config/routes.rb:8: syntax error, unexpected local variable or method, expecting `do' or '{' or '('
Started GET "/user" for 172.17.0.1 at 2025-03-08 04:12:16 +0000
Processing by UserController#index as HTML
  [1m[36mUser Load (65.1ms)[0m  [1m[34mSELECT "users".* FROM "users" /*action='index',application='MiApi',controller='user'*/[0m
  ↳ app/controllers/user_controller.rb:8:in `index'
Completed 200 OK in 334ms (Views: 141.4ms | ActiveRecord: 73.7ms (1 query, 0 cached) | GC: 0.0ms)


Started GET "/user" for 172.17.0.1 at 2025-03-08 04:37:13 +0000
  [1m[36mActiveRecord::SchemaMigration Load (3.5ms)[0m  [1m[34mSELECT "schema_migrations"."version" FROM "schema_migrations" ORDER BY "schema_migrations"."version" ASC /*application='MiApi'*/[0m
Processing by UserController#index as HTML
  [1m[36mUser Load (35.6ms)[0m  [1m[34mSELECT "users".* FROM "users" /*action='index',application='MiApi',controller='user'*/[0m
  ↳ app/controllers/user_controller.rb:8:in `index'
Completed 200 OK in 661ms (Views: 73.7ms | ActiveRecord: 50.4ms (1 query, 0 cached) | GC: 0.0ms)


Started GET "/user" for 172.17.0.1 at 2025-03-08 04:39:10 +0000
Processing by UserController#index as */*
  [1m[36mUser Load (111.4ms)[0m  [1m[34mSELECT "users".* FROM "users" /*action='index',application='MiApi',controller='user'*/[0m
  ↳ app/controllers/user_controller.rb:8:in `index'
Completed 200 OK in 423ms (Views: 279.1ms | ActiveRecord: 109.9ms (1 query, 0 cached) | GC: 0.0ms)


Started GET "/user" for 172.17.0.1 at 2025-03-08 04:39:11 +0000
Processing by UserController#index as */*
  [1m[36mUser Load (1.3ms)[0m  [1m[34mSELECT "users".* FROM "users" /*action='index',application='MiApi',controller='user'*/[0m
  ↳ app/controllers/user_controller.rb:8:in `index'
Completed 200 OK in 177ms (Views: 156.5ms | ActiveRecord: 1.3ms (1 query, 0 cached) | GC: 0.0ms)


Started GET "/user" for 172.17.0.1 at 2025-03-08 04:39:12 +0000
Processing by UserController#index as */*
  [1m[36mUser Load (2.3ms)[0m  [1m[34mSELECT "users".* FROM "users" /*action='index',application='MiApi',controller='user'*/[0m
  ↳ app/controllers/user_controller.rb:8:in `index'
Completed 200 OK in 11ms (Views: 8.5ms | ActiveRecord: 2.2ms (1 query, 0 cached) | GC: 0.0ms)


Started GET "/user" for 172.17.0.1 at 2025-03-08 04:39:12 +0000
Processing by UserController#index as */*
  [1m[36mUser Load (2.3ms)[0m  [1m[34mSELECT "users".* FROM "users" /*action='index',application='MiApi',controller='user'*/[0m
  ↳ app/controllers/user_controller.rb:8:in `index'
Completed 200 OK in 30ms (Views: 27.1ms | ActiveRecord: 2.3ms (1 query, 0 cached) | GC: 0.0ms)


Started GET "/user" for 172.17.0.1 at 2025-03-08 04:57:26 +0000
Processing by UserController#index as */*
  [1m[36mUser Load (101.2ms)[0m  [1m[34mSELECT "users".* FROM "users" /*action='index',application='MiApi',controller='user'*/[0m
  ↳ app/controllers/user_controller.rb:8:in `index'
Completed 200 OK in 248ms (Views: 114.7ms | ActiveRecord: 100.6ms (1 query, 0 cached) | GC: 0.0ms)


Started GET "/user" for 172.17.0.1 at 2025-03-08 04:57:29 +0000
Processing by UserController#index as */*
  [1m[36mUser Load (23.4ms)[0m  [1m[34mSELECT "users".* FROM "users" /*action='index',application='MiApi',controller='user'*/[0m
  ↳ app/controllers/user_controller.rb:8:in `index'
Completed 200 OK in 237ms (Views: 223.1ms | ActiveRecord: 13.2ms (1 query, 0 cached) | GC: 0.0ms)


Started GET "/user" for 172.17.0.1 at 2025-03-08 22:23:39 +0000
  [1m[36mActiveRecord::SchemaMigration Load (5.7ms)[0m  [1m[34mSELECT "schema_migrations"."version" FROM "schema_migrations" ORDER BY "schema_migrations"."version" ASC /*application='MiApi'*/[0m
Processing by UserController#index as HTML
  [1m[36mUser Load (38.7ms)[0m  [1m[34mSELECT "users".* FROM "users" /*action='index',application='MiApi',controller='user'*/[0m
  ↳ app/controllers/user_controller.rb:8:in `index'
Completed 200 OK in 304ms (Views: 31.3ms | ActiveRecord: 45.0ms (1 query, 0 cached) | GC: 0.0ms)


Started GET "/favicon.ico" for 172.17.0.1 at 2025-03-08 22:23:40 +0000
  
ActionController::RoutingError (No route matches [GET] "/favicon.ico"):
  
Started GET "/user" for 172.17.0.1 at 2025-03-08 22:43:48 +0000
  [1m[36mActiveRecord::SchemaMigration Load (4.7ms)[0m  [1m[34mSELECT "schema_migrations"."version" FROM "schema_migrations" ORDER BY "schema_migrations"."version" ASC /*application='MiApi'*/[0m
Processing by UserController#index as HTML
  [1m[36mUser Load (31.9ms)[0m  [1m[34mSELECT "users".* FROM "users" /*action='index',application='MiApi',controller='user'*/[0m
  ↳ app/controllers/user_controller.rb:8:in `index'
Completed 200 OK in 284ms (Views: 28.3ms | ActiveRecord: 38.3ms (1 query, 0 cached) | GC: 0.0ms)


Started GET "/user" for 172.17.0.1 at 2025-03-08 23:22:34 +0000
  [1m[36mActiveRecord::SchemaMigration Load (4.3ms)[0m  [1m[34mSELECT "schema_migrations"."version" FROM "schema_migrations" ORDER BY "schema_migrations"."version" ASC /*application='MiApi'*/[0m
Processing by UserController#index as HTML
  [1m[36mUser Load (26.7ms)[0m  [1m[34mSELECT "users".* FROM "users" /*action='index',application='MiApi',controller='user'*/[0m
  ↳ app/controllers/user_controller.rb:8:in `index'
Completed 200 OK in 414ms (Views: 60.1ms | ActiveRecord: 32.3ms (1 query, 0 cached) | GC: 0.0ms)


Started GET "/user/datos" for 172.17.0.1 at 2025-03-08 23:23:17 +0000
Processing by UserController#show as */*
  Parameters: {"id"=>"datos"}
Completed 500 Internal Server Error in 63ms (ActiveRecord: 0.0ms (0 queries, 0 cached) | GC: 0.0ms)


  
NoMethodError (undefined method `find' for nil:NilClass):
  
app/controllers/user_controller.rb:3:in `show'
Started GET "/user/datos" for 172.17.0.1 at 2025-03-08 23:23:58 +0000
Processing by UserController#show as */*
  Parameters: {"id"=>"datos"}
Completed 500 Internal Server Error in 44ms (ActiveRecord: 0.0ms (0 queries, 0 cached) | GC: 0.0ms)


  
NoMethodError (undefined method `find' for nil:NilClass):
  
app/controllers/user_controller.rb:3:in `show'
Started GET "/user/datos" for 172.17.0.1 at 2025-03-08 23:25:03 +0000
Processing by UserController#show as */*
  Parameters: {"id"=>"datos"}
Completed 500 Internal Server Error in 64ms (ActiveRecord: 0.0ms (0 queries, 0 cached) | GC: 0.0ms)


  
NoMethodError (undefined method `find' for nil:NilClass):
  
app/controllers/user_controller.rb:3:in `show'
Started GET "/user" for 172.17.0.1 at 2025-03-08 23:58:09 +0000
  [1m[36mActiveRecord::SchemaMigration Load (8.6ms)[0m  [1m[34mSELECT "schema_migrations"."version" FROM "schema_migrations" ORDER BY "schema_migrations"."version" ASC /*application='MiApi'*/[0m
Processing by UserController#index as HTML
  [1m[36mUser Load (23.0ms)[0m  [1m[34mSELECT "users".* FROM "users" /*action='index',application='MiApi',controller='user'*/[0m
  ↳ app/controllers/user_controller.rb:8:in `index'
Completed 200 OK in 280ms (Views: 26.4ms | ActiveRecord: 27.5ms (1 query, 0 cached) | GC: 0.0ms)


Started GET "/user/datos" for 172.17.0.1 at 2025-03-09 00:03:38 +0000
Processing by UserController#show as */*
  Parameters: {"id"=>"datos"}
Completed 500 Internal Server Error in 200ms (ActiveRecord: 0.0ms (0 queries, 0 cached) | GC: 0.0ms)


  
NoMethodError (undefined method `find' for nil:NilClass):
  
app/controllers/user_controller.rb:3:in `show'
Started GET "/user" for 172.17.0.1 at 2025-03-09 00:42:15 +0000
  [1m[36mActiveRecord::SchemaMigration Load (8.1ms)[0m  [1m[34mSELECT "schema_migrations"."version" FROM "schema_migrations" ORDER BY "schema_migrations"."version" ASC /*application='MiApi'*/[0m
Processing by UserController#index as HTML
  [1m[36mUser Load (265.9ms)[0m  [1m[34mSELECT "users".* FROM "users" /*action='index',application='MiApi',controller='user'*/[0m
  ↳ app/controllers/user_controller.rb:8:in `index'
Completed 200 OK in 1118ms (Views: 155.5ms | ActiveRecord: 310.6ms (1 query, 0 cached) | GC: 0.0ms)


Started GET "/favicon.ico" for 172.17.0.1 at 2025-03-09 00:42:20 +0000
  
ActionController::RoutingError (No route matches [GET] "/favicon.ico"):
  
Started GET "/user" for 172.17.0.1 at 2025-03-09 00:56:50 +0000
Processing by UserController#index as */*
  [1m[36mUser Load (256.3ms)[0m  [1m[34mSELECT "users".* FROM "users" /*action='index',application='MiApi',controller='user'*/[0m
  ↳ app/controllers/user_controller.rb:8:in `index'
Completed 200 OK in 576ms (Views: 272.3ms | ActiveRecord: 255.7ms (1 query, 0 cached) | GC: 94.7ms)


Started GET "/user" for 172.17.0.1 at 2025-03-09 00:57:14 +0000
Processing by UserController#index as */*
  [1m[36mUser Load (31.2ms)[0m  [1m[34mSELECT "users".* FROM "users" /*action='index',application='MiApi',controller='user'*/[0m
  ↳ app/controllers/user_controller.rb:8:in `index'
Completed 200 OK in 289ms (Views: 233.1ms | ActiveRecord: 30.4ms (1 query, 0 cached) | GC: 33.9ms)


Started GET "/user" for 172.17.0.1 at 2025-03-09 01:36:31 +0000
Processing by UserController#index as */*
  [1m[36mUser Load (209.8ms)[0m  [1m[34mSELECT "users".* FROM "users" /*action='index',application='MiApi',controller='user'*/[0m
  ↳ app/controllers/user_controller.rb:8:in `index'
Completed 200 OK in 503ms (Views: 220.7ms | ActiveRecord: 208.9ms (1 query, 0 cached) | GC: 41.3ms)


Started GET "/user" for 172.17.0.1 at 2025-03-09 02:04:14 +0000
  [1m[36mActiveRecord::SchemaMigration Load (4.5ms)[0m  [1m[34mSELECT "schema_migrations"."version" FROM "schema_migrations" ORDER BY "schema_migrations"."version" ASC /*application='MiApi'*/[0m
Processing by UserController#index as HTML
  [1m[36mUser Load (19.7ms)[0m  [1m[34mSELECT "users".* FROM "users" /*action='index',application='MiApi',controller='user'*/[0m
  ↳ app/controllers/user_controller.rb:8:in `index'
Completed 200 OK in 315ms (Views: 45.7ms | ActiveRecord: 24.7ms (1 query, 0 cached) | GC: 0.0ms)


Started GET "/user" for 172.17.0.1 at 2025-03-09 02:22:50 +0000
  [1m[36mActiveRecord::SchemaMigration Load (3.7ms)[0m  [1m[34mSELECT "schema_migrations"."version" FROM "schema_migrations" ORDER BY "schema_migrations"."version" ASC /*application='MiApi'*/[0m
Processing by UserController#index as HTML
  [1m[36mUser Load (19.4ms)[0m  [1m[34mSELECT "users".* FROM "users" /*action='index',application='MiApi',controller='user'*/[0m
  ↳ app/controllers/user_controller.rb:8:in `index'
Completed 200 OK in 223ms (Views: 43.5ms | ActiveRecord: 26.1ms (1 query, 0 cached) | GC: 0.0ms)


Started GET "/favicon.ico" for 172.17.0.1 at 2025-03-09 02:22:51 +0000
  
ActionController::RoutingError (No route matches [GET] "/favicon.ico"):
  
Started GET "/user" for 172.17.0.1 at 2025-03-09 02:27:55 +0000
Processing by UserController#index as HTML
  [1m[36mUser Load (61.5ms)[0m  [1m[34mSELECT "users".* FROM "users" /*action='index',application='MiApi',controller='user'*/[0m
  ↳ app/controllers/user_controller.rb:9:in `index'
Completed 200 OK in 251ms (Views: 91.2ms | ActiveRecord: 70.6ms (1 query, 0 cached) | GC: 0.0ms)


Started GET "/user" for 172.17.0.1 at 2025-03-09 02:31:22 +0000
  [1m[36mActiveRecord::SchemaMigration Load (2.9ms)[0m  [1m[34mSELECT "schema_migrations"."version" FROM "schema_migrations" ORDER BY "schema_migrations"."version" ASC /*application='MiApi'*/[0m
Processing by UserController#index as HTML
  [1m[36mUser Load (23.2ms)[0m  [1m[34mSELECT "users".* FROM "users" /*action='index',application='MiApi',controller='user'*/[0m
  ↳ app/controllers/user_controller.rb:9:in `index'
Completed 200 OK in 239ms (Views: 31.5ms | ActiveRecord: 29.9ms (1 query, 0 cached) | GC: 0.0ms)


Started GET "/user" for 172.17.0.1 at 2025-03-09 02:34:06 +0000
  [1m[36mActiveRecord::SchemaMigration Load (4.5ms)[0m  [1m[34mSELECT "schema_migrations"."version" FROM "schema_migrations" ORDER BY "schema_migrations"."version" ASC /*application='MiApi'*/[0m
Processing by UserController#index as HTML
  [1m[36mUser Load (22.7ms)[0m  [1m[34mSELECT "users".* FROM "users" /*action='index',application='MiApi',controller='user'*/[0m
  ↳ app/controllers/user_controller.rb:9:in `index'
Completed 200 OK in 233ms (Views: 27.2ms | ActiveRecord: 28.3ms (1 query, 0 cached) | GC: 0.0ms)


Started GET "/user" for 172.17.0.1 at 2025-03-09 02:54:50 +0000
Processing by UserController#index as */*
  [1m[36mUser Load (96.6ms)[0m  [1m[34mSELECT "users".* FROM "users" /*action='index',application='MiApi',controller='user'*/[0m
  ↳ app/controllers/user_controller.rb:9:in `index'
Completed 200 OK in 326ms (Views: 189.8ms | ActiveRecord: 95.9ms (1 query, 0 cached) | GC: 0.0ms)


Started GET "/user" for 172.17.0.1 at 2025-03-09 02:59:45 +0000
  [1m[36mActiveRecord::SchemaMigration Load (5.1ms)[0m  [1m[34mSELECT "schema_migrations"."version" FROM "schema_migrations" ORDER BY "schema_migrations"."version" ASC /*application='MiApi'*/[0m
Processing by UserController#index as HTML
  [1m[36mUser Load (33.4ms)[0m  [1m[34mSELECT "users".* FROM "users" /*action='index',application='MiApi',controller='user'*/[0m
  ↳ app/controllers/user_controller.rb:9:in `index'
Completed 200 OK in 310ms (Views: 27.6ms | ActiveRecord: 41.1ms (1 query, 0 cached) | GC: 0.0ms)


Started GET "/user" for 172.17.0.1 at 2025-03-09 03:02:41 +0000
Processing by UserController#index as */*
  [1m[36mUser Load (65.5ms)[0m  [1m[34mSELECT "users".* FROM "users" /*action='index',application='MiApi',controller='user'*/[0m
  ↳ app/controllers/user_controller.rb:9:in `index'
Completed 200 OK in 419ms (Views: 299.2ms | ActiveRecord: 64.6ms (1 query, 0 cached) | GC: 0.0ms)


Started GET "/user" for 172.17.0.1 at 2025-03-09 03:25:19 +0000
Processing by UserController#index as */*
  [1m[36mUser Load (201.8ms)[0m  [1m[34mSELECT "users".* FROM "users" /*action='index',application='MiApi',controller='user'*/[0m
  ↳ app/controllers/user_controller.rb:9:in `index'
Completed 200 OK in 528ms (Views: 212.5ms | ActiveRecord: 200.4ms (1 query, 0 cached) | GC: 0.0ms)


Started GET "/user" for 172.17.0.1 at 2025-03-09 03:37:29 +0000
Processing by UserController#index as */*
  [1m[36mUser Load (168.3ms)[0m  [1m[34mSELECT "users".* FROM "users" /*action='index',application='MiApi',controller='user'*/[0m
  ↳ app/controllers/user_controller.rb:9:in `index'
Completed 200 OK in 548ms (Views: 335.0ms | ActiveRecord: 165.6ms (1 query, 0 cached) | GC: 0.0ms)


Started GET "/user" for 172.17.0.1 at 2025-03-09 03:38:01 +0000
Processing by UserController#index as HTML
  [1m[36mUser Load (19.0ms)[0m  [1m[34mSELECT "users".* FROM "users" /*action='index',application='MiApi',controller='user'*/[0m
  ↳ app/controllers/user_controller.rb:9:in `index'
Completed 200 OK in 148ms (Views: 113.2ms | ActiveRecord: 18.8ms (1 query, 0 cached) | GC: 0.0ms)


Started GET "/user" for 172.17.0.1 at 2025-03-09 03:38:18 +0000
Processing by UserController#index as */*
  [1m[36mUser Load (22.7ms)[0m  [1m[34mSELECT "users".* FROM "users" /*action='index',application='MiApi',controller='user'*/[0m
  ↳ app/controllers/user_controller.rb:9:in `index'
Completed 200 OK in 291ms (Views: 246.5ms | ActiveRecord: 22.5ms (1 query, 0 cached) | GC: 0.0ms)


Started GET "/user" for 172.17.0.1 at 2025-03-09 03:46:41 +0000
Processing by UserController#index as */*
  [1m[36mUser Load (96.3ms)[0m  [1m[34mSELECT "users".* FROM "users" /*action='index',application='MiApi',controller='user'*/[0m
  ↳ app/controllers/user_controller.rb:9:in `index'
Completed 200 OK in 298ms (Views: 169.3ms | ActiveRecord: 96.9ms (1 query, 0 cached) | GC: 0.0ms)


Started GET "/user" for 172.17.0.1 at 2025-03-09 04:04:25 +0000
Processing by UserController#index as HTML
  [1m[36mUser Load (136.7ms)[0m  [1m[34mSELECT "users".* FROM "users" /*action='index',application='MiApi',controller='user'*/[0m
  ↳ app/controllers/user_controller.rb:9:in `index'
Completed 200 OK in 428ms (Views: 254.9ms | ActiveRecord: 136.4ms (1 query, 0 cached) | GC: 0.0ms)


